<?xml version="1.0" encoding="UTF-8"?>
<!-- Generated by org.testng.reporters.JUnitXMLReporter -->
<testsuite ignored="6" hostname="Arman" failures="0" tests="1" name="Default test" time="8.401" errors="0" timestamp="2023-04-28T16:04:13 EDT">
  <testcase classname="testcases.LoginTest" name="verifyLoginWithInvalidEmailAndValidPassword" time="1.262"/>
  <testcase classname="testcases.LoginTest" name="verifyLoginWithEmptyPasswordBoxAndValidEmail" time="0.0">
    <ignored/>
  </testcase> <!-- verifyLoginWithEmptyPasswordBoxAndValidEmail -->
  <testcase classname="testcases.LoginTest" name="verifyLoginWithInvalidCredentials" time="0.0">
    <ignored/>
  </testcase> <!-- verifyLoginWithInvalidCredentials -->
  <testcase classname="testcases.LoginTest" name="verifyLoginWithEmptyBoxes" time="0.0">
    <ignored/>
  </testcase> <!-- verifyLoginWithEmptyBoxes -->
  <testcase classname="testcases.LoginTest" name="verifyLoginWithValidEmailAndInvalidPassword" time="0.0">
    <ignored/>
  </testcase> <!-- verifyLoginWithValidEmailAndInvalidPassword -->
  <testcase classname="testcases.LoginTest" name="verifyLoginWithValidCredentials" time="0.0">
    <ignored/>
  </testcase> <!-- verifyLoginWithValidCredentials -->
  <testcase classname="testcases.LoginTest" name="verifyLoginWithEmptyEmailBoxAndValidPasswod" time="0.0">
    <ignored/>
  </testcase> <!-- verifyLoginWithEmptyEmailBoxAndValidPasswod -->
</testsuite> <!-- Default test -->
