<?xml version="1.0" encoding="UTF-8"?>
<!-- Generated by org.testng.reporters.JUnitXMLReporter -->
<testsuite ignored="0" hostname="Arman" failures="0" tests="15" name="Test" time="95.148" errors="0" timestamp="2023-04-28T16:09:13 EDT">
  <testcase classname="testcases.SearchTest" name="verifySearchWithValidProduct" time="0.796"/>
  <testcase classname="testcases.SearchTest" name="verifySearchWithInvalidProduct" time="0.583"/>
  <testcase classname="testcases.SearchTest" name="verifySearchWithoutAnyProduct" time="0.469"/>
  <testcase classname="testcases.LoginTest" name="verifyLoginWithValidCredentials" time="1.529"/>
  <testcase classname="testcases.LoginTest" name="verifyLoginWithInvalidCredentials" time="1.181"/>
  <testcase classname="testcases.LoginTest" name="verifyLoginWithInvalidEmailAndValidPassword" time="1.335"/>
  <testcase classname="testcases.LoginTest" name="verifyLoginWithValidEmailAndInvalidPassword" time="1.213"/>
  <testcase classname="testcases.LoginTest" name="verifyLoginWithEmptyBoxes" time="1.08"/>
  <testcase classname="testcases.LoginTest" name="verifyLoginWithEmptyEmailBoxAndValidPasswod" time="1.088"/>
  <testcase classname="testcases.LoginTest" name="verifyLoginWithEmptyPasswordBoxAndValidEmail" time="1.135"/>
  <testcase classname="testcases.RegistrationTest" name="FillingAllMondatoryFieldsWithValidCredentials" time="2.362"/>
  <testcase classname="testcases.RegistrationTest" name="verifyRegistrationWithoutFillingAnyDetails" time="1.431"/>
  <testcase classname="testcases.RegistrationTest" name="FillingRegistrationFormWithEmptyEmailBox" time="1.943"/>
  <testcase classname="testcases.RegistrationTest" name="FillingRegistrationFormWithRegisteredEmail" time="1.987"/>
  <testcase classname="testcases.RegistrationTest" name="FillingRegistrationFormWithInvalidPassword" time="2.038"/>
</testsuite> <!-- Test -->
