<?xml version="1.0" encoding="UTF-8"?>
<testng-results ignored="0" total="15" passed="15" failed="0" skipped="0">
  <reporter-output>
  </reporter-output>
  <suite started-at="2023-04-28T16:07:38 EDT" name="Suite" finished-at="2023-04-28T16:09:13 EDT" duration-ms="95148">
    <groups>
    </groups>
    <test started-at="2023-04-28T16:07:38 EDT" name="Test" finished-at="2023-04-28T16:09:13 EDT" duration-ms="95148">
      <class name="testcases.LoginTest">
        <test-method is-config="true" signature="setUp()[pri:0, instance:testcases.LoginTest@742ff096]" started-at="2023-04-28T16:07:57 EDT" name="setUp" finished-at="2023-04-28T16:08:02 EDT" duration-ms="4767" status="PASS">
          <reporter-output>
          </reporter-output>
        </test-method> <!-- setUp -->
        <test-method signature="verifyLoginWithValidCredentials()[pri:1, instance:testcases.LoginTest@742ff096]" started-at="2023-04-28T16:08:02 EDT" name="verifyLoginWithValidCredentials" finished-at="2023-04-28T16:08:03 EDT" duration-ms="1529" status="PASS">
          <reporter-output>
          </reporter-output>
        </test-method> <!-- verifyLoginWithValidCredentials -->
        <test-method is-config="true" signature="tearDown()[pri:0, instance:testcases.LoginTest@742ff096]" started-at="2023-04-28T16:08:03 EDT" name="tearDown" finished-at="2023-04-28T16:08:03 EDT" duration-ms="177" status="PASS">
          <reporter-output>
          </reporter-output>
        </test-method> <!-- tearDown -->
        <test-method is-config="true" signature="setUp()[pri:0, instance:testcases.LoginTest@742ff096]" started-at="2023-04-28T16:08:03 EDT" name="setUp" finished-at="2023-04-28T16:08:08 EDT" duration-ms="4657" status="PASS">
          <reporter-output>
          </reporter-output>
        </test-method> <!-- setUp -->
        <test-method signature="verifyLoginWithInvalidCredentials()[pri:2, instance:testcases.LoginTest@742ff096]" started-at="2023-04-28T16:08:08 EDT" name="verifyLoginWithInvalidCredentials" finished-at="2023-04-28T16:08:09 EDT" duration-ms="1181" status="PASS">
          <reporter-output>
          </reporter-output>
        </test-method> <!-- verifyLoginWithInvalidCredentials -->
        <test-method is-config="true" signature="tearDown()[pri:0, instance:testcases.LoginTest@742ff096]" started-at="2023-04-28T16:08:09 EDT" name="tearDown" finished-at="2023-04-28T16:08:09 EDT" duration-ms="170" status="PASS">
          <reporter-output>
          </reporter-output>
        </test-method> <!-- tearDown -->
        <test-method is-config="true" signature="setUp()[pri:0, instance:testcases.LoginTest@742ff096]" started-at="2023-04-28T16:08:09 EDT" name="setUp" finished-at="2023-04-28T16:08:14 EDT" duration-ms="4618" status="PASS">
          <reporter-output>
          </reporter-output>
        </test-method> <!-- setUp -->
        <test-method signature="verifyLoginWithInvalidEmailAndValidPassword()[pri:3, instance:testcases.LoginTest@742ff096]" started-at="2023-04-28T16:08:14 EDT" name="verifyLoginWithInvalidEmailAndValidPassword" finished-at="2023-04-28T16:08:15 EDT" duration-ms="1335" status="PASS">
          <reporter-output>
          </reporter-output>
        </test-method> <!-- verifyLoginWithInvalidEmailAndValidPassword -->
        <test-method is-config="true" signature="tearDown()[pri:0, instance:testcases.LoginTest@742ff096]" started-at="2023-04-28T16:08:15 EDT" name="tearDown" finished-at="2023-04-28T16:08:16 EDT" duration-ms="138" status="PASS">
          <reporter-output>
          </reporter-output>
        </test-method> <!-- tearDown -->
        <test-method is-config="true" signature="setUp()[pri:0, instance:testcases.LoginTest@742ff096]" started-at="2023-04-28T16:08:16 EDT" name="setUp" finished-at="2023-04-28T16:08:20 EDT" duration-ms="4594" status="PASS">
          <reporter-output>
          </reporter-output>
        </test-method> <!-- setUp -->
        <test-method signature="verifyLoginWithValidEmailAndInvalidPassword()[pri:4, instance:testcases.LoginTest@742ff096]" started-at="2023-04-28T16:08:20 EDT" name="verifyLoginWithValidEmailAndInvalidPassword" finished-at="2023-04-28T16:08:21 EDT" duration-ms="1213" status="PASS">
          <reporter-output>
          </reporter-output>
        </test-method> <!-- verifyLoginWithValidEmailAndInvalidPassword -->
        <test-method is-config="true" signature="tearDown()[pri:0, instance:testcases.LoginTest@742ff096]" started-at="2023-04-28T16:08:21 EDT" name="tearDown" finished-at="2023-04-28T16:08:22 EDT" duration-ms="176" status="PASS">
          <reporter-output>
          </reporter-output>
        </test-method> <!-- tearDown -->
        <test-method is-config="true" signature="setUp()[pri:0, instance:testcases.LoginTest@742ff096]" started-at="2023-04-28T16:08:22 EDT" name="setUp" finished-at="2023-04-28T16:08:26 EDT" duration-ms="4707" status="PASS">
          <reporter-output>
          </reporter-output>
        </test-method> <!-- setUp -->
        <test-method signature="verifyLoginWithEmptyBoxes()[pri:5, instance:testcases.LoginTest@742ff096]" started-at="2023-04-28T16:08:26 EDT" name="verifyLoginWithEmptyBoxes" finished-at="2023-04-28T16:08:27 EDT" duration-ms="1080" status="PASS">
          <reporter-output>
          </reporter-output>
        </test-method> <!-- verifyLoginWithEmptyBoxes -->
        <test-method is-config="true" signature="tearDown()[pri:0, instance:testcases.LoginTest@742ff096]" started-at="2023-04-28T16:08:27 EDT" name="tearDown" finished-at="2023-04-28T16:08:28 EDT" duration-ms="180" status="PASS">
          <reporter-output>
          </reporter-output>
        </test-method> <!-- tearDown -->
        <test-method is-config="true" signature="setUp()[pri:0, instance:testcases.LoginTest@742ff096]" started-at="2023-04-28T16:08:28 EDT" name="setUp" finished-at="2023-04-28T16:08:32 EDT" duration-ms="4713" status="PASS">
          <reporter-output>
          </reporter-output>
        </test-method> <!-- setUp -->
        <test-method signature="verifyLoginWithEmptyEmailBoxAndValidPasswod()[pri:6, instance:testcases.LoginTest@742ff096]" started-at="2023-04-28T16:08:32 EDT" name="verifyLoginWithEmptyEmailBoxAndValidPasswod" finished-at="2023-04-28T16:08:33 EDT" duration-ms="1088" status="PASS">
          <reporter-output>
          </reporter-output>
        </test-method> <!-- verifyLoginWithEmptyEmailBoxAndValidPasswod -->
        <test-method is-config="true" signature="tearDown()[pri:0, instance:testcases.LoginTest@742ff096]" started-at="2023-04-28T16:08:33 EDT" name="tearDown" finished-at="2023-04-28T16:08:33 EDT" duration-ms="163" status="PASS">
          <reporter-output>
          </reporter-output>
        </test-method> <!-- tearDown -->
        <test-method is-config="true" signature="setUp()[pri:0, instance:testcases.LoginTest@742ff096]" started-at="2023-04-28T16:08:33 EDT" name="setUp" finished-at="2023-04-28T16:08:38 EDT" duration-ms="4580" status="PASS">
          <reporter-output>
          </reporter-output>
        </test-method> <!-- setUp -->
        <test-method signature="verifyLoginWithEmptyPasswordBoxAndValidEmail()[pri:7, instance:testcases.LoginTest@742ff096]" started-at="2023-04-28T16:08:38 EDT" name="verifyLoginWithEmptyPasswordBoxAndValidEmail" finished-at="2023-04-28T16:08:39 EDT" duration-ms="1135" status="PASS">
          <reporter-output>
          </reporter-output>
        </test-method> <!-- verifyLoginWithEmptyPasswordBoxAndValidEmail -->
        <test-method is-config="true" signature="tearDown()[pri:0, instance:testcases.LoginTest@742ff096]" started-at="2023-04-28T16:08:39 EDT" name="tearDown" finished-at="2023-04-28T16:08:39 EDT" duration-ms="177" status="PASS">
          <reporter-output>
          </reporter-output>
        </test-method> <!-- tearDown -->
      </class> <!-- testcases.LoginTest -->
      <class name="testcases.SearchTest">
        <test-method is-config="true" signature="setUp()[pri:0, instance:testcases.SearchTest@f78a47e]" started-at="2023-04-28T16:07:38 EDT" name="setUp" finished-at="2023-04-28T16:07:45 EDT" duration-ms="6790" status="PASS">
          <reporter-output>
          </reporter-output>
        </test-method> <!-- setUp -->
        <test-method signature="verifySearchWithValidProduct()[pri:1, instance:testcases.SearchTest@f78a47e]" started-at="2023-04-28T16:07:45 EDT" name="verifySearchWithValidProduct" finished-at="2023-04-28T16:07:46 EDT" duration-ms="796" status="PASS">
          <reporter-output>
          </reporter-output>
        </test-method> <!-- verifySearchWithValidProduct -->
        <test-method is-config="true" signature="tearDown()[pri:0, instance:testcases.SearchTest@f78a47e]" started-at="2023-04-28T16:07:46 EDT" name="tearDown" finished-at="2023-04-28T16:07:46 EDT" duration-ms="186" status="PASS">
          <reporter-output>
          </reporter-output>
        </test-method> <!-- tearDown -->
        <test-method is-config="true" signature="setUp()[pri:0, instance:testcases.SearchTest@f78a47e]" started-at="2023-04-28T16:07:46 EDT" name="setUp" finished-at="2023-04-28T16:07:51 EDT" duration-ms="4775" status="PASS">
          <reporter-output>
          </reporter-output>
        </test-method> <!-- setUp -->
        <test-method signature="verifySearchWithInvalidProduct()[pri:2, instance:testcases.SearchTest@f78a47e]" started-at="2023-04-28T16:07:51 EDT" name="verifySearchWithInvalidProduct" finished-at="2023-04-28T16:07:51 EDT" duration-ms="583" status="PASS">
          <reporter-output>
          </reporter-output>
        </test-method> <!-- verifySearchWithInvalidProduct -->
        <test-method is-config="true" signature="tearDown()[pri:0, instance:testcases.SearchTest@f78a47e]" started-at="2023-04-28T16:07:51 EDT" name="tearDown" finished-at="2023-04-28T16:07:52 EDT" duration-ms="203" status="PASS">
          <reporter-output>
          </reporter-output>
        </test-method> <!-- tearDown -->
        <test-method is-config="true" signature="setUp()[pri:0, instance:testcases.SearchTest@f78a47e]" started-at="2023-04-28T16:07:52 EDT" name="setUp" finished-at="2023-04-28T16:07:56 EDT" duration-ms="4736" status="PASS">
          <reporter-output>
          </reporter-output>
        </test-method> <!-- setUp -->
        <test-method signature="verifySearchWithoutAnyProduct()[pri:3, instance:testcases.SearchTest@f78a47e]" started-at="2023-04-28T16:07:56 EDT" name="verifySearchWithoutAnyProduct" finished-at="2023-04-28T16:07:57 EDT" duration-ms="469" status="PASS">
          <reporter-output>
          </reporter-output>
        </test-method> <!-- verifySearchWithoutAnyProduct -->
        <test-method is-config="true" signature="tearDown()[pri:0, instance:testcases.SearchTest@f78a47e]" started-at="2023-04-28T16:07:57 EDT" name="tearDown" finished-at="2023-04-28T16:07:57 EDT" duration-ms="132" status="PASS">
          <reporter-output>
          </reporter-output>
        </test-method> <!-- tearDown -->
      </class> <!-- testcases.SearchTest -->
      <class name="testcases.RegistrationTest">
        <test-method is-config="true" signature="setUp()[pri:0, instance:testcases.RegistrationTest@75437611]" started-at="2023-04-28T16:08:39 EDT" name="setUp" finished-at="2023-04-28T16:08:44 EDT" duration-ms="4668" status="PASS">
          <reporter-output>
          </reporter-output>
        </test-method> <!-- setUp -->
        <test-method signature="FillingAllMondatoryFieldsWithValidCredentials()[pri:1, instance:testcases.RegistrationTest@75437611]" started-at="2023-04-28T16:08:44 EDT" name="FillingAllMondatoryFieldsWithValidCredentials" finished-at="2023-04-28T16:08:46 EDT" duration-ms="2362" status="PASS">
          <reporter-output>
          </reporter-output>
        </test-method> <!-- FillingAllMondatoryFieldsWithValidCredentials -->
        <test-method is-config="true" signature="tearDown()[pri:0, instance:testcases.RegistrationTest@75437611]" started-at="2023-04-28T16:08:46 EDT" name="tearDown" finished-at="2023-04-28T16:08:47 EDT" duration-ms="201" status="PASS">
          <reporter-output>
          </reporter-output>
        </test-method> <!-- tearDown -->
        <test-method is-config="true" signature="setUp()[pri:0, instance:testcases.RegistrationTest@75437611]" started-at="2023-04-28T16:08:47 EDT" name="setUp" finished-at="2023-04-28T16:08:51 EDT" duration-ms="4752" status="PASS">
          <reporter-output>
          </reporter-output>
        </test-method> <!-- setUp -->
        <test-method signature="verifyRegistrationWithoutFillingAnyDetails()[pri:2, instance:testcases.RegistrationTest@75437611]" started-at="2023-04-28T16:08:51 EDT" name="verifyRegistrationWithoutFillingAnyDetails" finished-at="2023-04-28T16:08:53 EDT" duration-ms="1431" status="PASS">
          <reporter-output>
          </reporter-output>
        </test-method> <!-- verifyRegistrationWithoutFillingAnyDetails -->
        <test-method is-config="true" signature="tearDown()[pri:0, instance:testcases.RegistrationTest@75437611]" started-at="2023-04-28T16:08:53 EDT" name="tearDown" finished-at="2023-04-28T16:08:53 EDT" duration-ms="182" status="PASS">
          <reporter-output>
          </reporter-output>
        </test-method> <!-- tearDown -->
        <test-method is-config="true" signature="setUp()[pri:0, instance:testcases.RegistrationTest@75437611]" started-at="2023-04-28T16:08:53 EDT" name="setUp" finished-at="2023-04-28T16:08:58 EDT" duration-ms="4613" status="PASS">
          <reporter-output>
          </reporter-output>
        </test-method> <!-- setUp -->
        <test-method signature="FillingRegistrationFormWithEmptyEmailBox()[pri:3, instance:testcases.RegistrationTest@75437611]" started-at="2023-04-28T16:08:58 EDT" name="FillingRegistrationFormWithEmptyEmailBox" finished-at="2023-04-28T16:09:00 EDT" duration-ms="1943" status="PASS">
          <reporter-output>
          </reporter-output>
        </test-method> <!-- FillingRegistrationFormWithEmptyEmailBox -->
        <test-method is-config="true" signature="tearDown()[pri:0, instance:testcases.RegistrationTest@75437611]" started-at="2023-04-28T16:09:00 EDT" name="tearDown" finished-at="2023-04-28T16:09:00 EDT" duration-ms="181" status="PASS">
          <reporter-output>
          </reporter-output>
        </test-method> <!-- tearDown -->
        <test-method is-config="true" signature="setUp()[pri:0, instance:testcases.RegistrationTest@75437611]" started-at="2023-04-28T16:09:00 EDT" name="setUp" finished-at="2023-04-28T16:09:04 EDT" duration-ms="4629" status="PASS">
          <reporter-output>
          </reporter-output>
        </test-method> <!-- setUp -->
        <test-method signature="FillingRegistrationFormWithRegisteredEmail()[pri:4, instance:testcases.RegistrationTest@75437611]" started-at="2023-04-28T16:09:04 EDT" name="FillingRegistrationFormWithRegisteredEmail" finished-at="2023-04-28T16:09:06 EDT" duration-ms="1987" status="PASS">
          <reporter-output>
          </reporter-output>
        </test-method> <!-- FillingRegistrationFormWithRegisteredEmail -->
        <test-method is-config="true" signature="tearDown()[pri:0, instance:testcases.RegistrationTest@75437611]" started-at="2023-04-28T16:09:06 EDT" name="tearDown" finished-at="2023-04-28T16:09:07 EDT" duration-ms="191" status="PASS">
          <reporter-output>
          </reporter-output>
        </test-method> <!-- tearDown -->
        <test-method is-config="true" signature="setUp()[pri:0, instance:testcases.RegistrationTest@75437611]" started-at="2023-04-28T16:09:07 EDT" name="setUp" finished-at="2023-04-28T16:09:11 EDT" duration-ms="4628" status="PASS">
          <reporter-output>
          </reporter-output>
        </test-method> <!-- setUp -->
        <test-method signature="FillingRegistrationFormWithInvalidPassword()[pri:5, instance:testcases.RegistrationTest@75437611]" started-at="2023-04-28T16:09:11 EDT" name="FillingRegistrationFormWithInvalidPassword" finished-at="2023-04-28T16:09:13 EDT" duration-ms="2038" status="PASS">
          <reporter-output>
          </reporter-output>
        </test-method> <!-- FillingRegistrationFormWithInvalidPassword -->
        <test-method is-config="true" signature="tearDown()[pri:0, instance:testcases.RegistrationTest@75437611]" started-at="2023-04-28T16:09:13 EDT" name="tearDown" finished-at="2023-04-28T16:09:13 EDT" duration-ms="174" status="PASS">
          <reporter-output>
          </reporter-output>
        </test-method> <!-- tearDown -->
      </class> <!-- testcases.RegistrationTest -->
    </test> <!-- Test -->
  </suite> <!-- Suite -->
</testng-results>
